{"/home/satyendra/Training/Mosh course/vidly/index.js": {"path":"/home/satyendra/Training/Mosh course/vidly/index.js","statementMap":{"0":{"start":{"line":1,"column":17},"end":{"line":1,"column":36}},"1":{"start":{"line":2,"column":16},"end":{"line":2,"column":34}},"2":{"start":{"line":3,"column":16},"end":{"line":3,"column":34}},"3":{"start":{"line":4,"column":12},"end":{"line":4,"column":21}},"4":{"start":{"line":5,"column":17},"end":{"line":5,"column":39}},"5":{"start":{"line":6,"column":0},"end":{"line":6,"column":31}},"6":{"start":{"line":7,"column":0},"end":{"line":7,"column":33}},"7":{"start":{"line":8,"column":0},"end":{"line":8,"column":26}},"8":{"start":{"line":9,"column":0},"end":{"line":9,"column":30}},"9":{"start":{"line":10,"column":0},"end":{"line":10,"column":34}},"10":{"start":{"line":13,"column":13},"end":{"line":13,"column":37}},"11":{"start":{"line":15,"column":15},"end":{"line":17,"column":2}},"12":{"start":{"line":16,"column":2},"end":{"line":16,"column":58}},"13":{"start":{"line":19,"column":0},"end":{"line":19,"column":24}}},"fnMap":{"0":{"name":"(anonymous_0)","decl":{"start":{"line":15,"column":31},"end":{"line":15,"column":32}},"loc":{"start":{"line":15,"column":41},"end":{"line":17,"column":1}},"line":15}},"branchMap":{"0":{"loc":{"start":{"line":13,"column":13},"end":{"line":13,"column":37}},"type":"binary-expr","locations":[{"start":{"line":13,"column":13},"end":{"line":13,"column":29}},{"start":{"line":13,"column":33},"end":{"line":13,"column":37}}],"line":13}},"s":{"0":2,"1":2,"2":2,"3":2,"4":2,"5":2,"6":2,"7":2,"8":2,"9":2,"10":2,"11":2,"12":2,"13":2},"f":{"0":2},"b":{"0":[2,2]},"_coverageSchema":"43e27e138ebf9cfc5966b082cf9a028302ed4184","hash":"167082e813e67e684ec834eaea8a8afab8af0a01"}
,"/home/satyendra/Training/Mosh course/vidly/middleware/admin.js": {"path":"/home/satyendra/Training/Mosh course/vidly/middleware/admin.js","statementMap":{"0":{"start":{"line":2,"column":0},"end":{"line":8,"column":1}},"1":{"start":{"line":3,"column":3},"end":{"line":3,"column":42}},"2":{"start":{"line":4,"column":1},"end":{"line":4,"column":50}},"3":{"start":{"line":6,"column":1},"end":{"line":6,"column":70}},"4":{"start":{"line":6,"column":23},"end":{"line":6,"column":70}},"5":{"start":{"line":7,"column":1},"end":{"line":7,"column":8}}},"fnMap":{"0":{"name":"(anonymous_0)","decl":{"start":{"line":2,"column":17},"end":{"line":2,"column":18}},"loc":{"start":{"line":2,"column":39},"end":{"line":8,"column":1}},"line":2}},"branchMap":{"0":{"loc":{"start":{"line":6,"column":1},"end":{"line":6,"column":70}},"type":"if","locations":[{"start":{"line":6,"column":1},"end":{"line":6,"column":70}},{"start":{"line":6,"column":1},"end":{"line":6,"column":70}}],"line":6}},"s":{"0":2,"1":0,"2":0,"3":0,"4":0,"5":0},"f":{"0":0},"b":{"0":[0,0]},"_coverageSchema":"43e27e138ebf9cfc5966b082cf9a028302ed4184","hash":"863ab70d2755f6d6c9ad3bf21c4adb713bfddcd8"}
,"/home/satyendra/Training/Mosh course/vidly/middleware/auth.js": {"path":"/home/satyendra/Training/Mosh course/vidly/middleware/auth.js","statementMap":{"0":{"start":{"line":1,"column":12},"end":{"line":1,"column":35}},"1":{"start":{"line":2,"column":15},"end":{"line":2,"column":32}},"2":{"start":{"line":5,"column":15},"end":{"line":5,"column":41}},"3":{"start":{"line":6,"column":1},"end":{"line":6,"column":78}},"4":{"start":{"line":6,"column":12},"end":{"line":6,"column":78}},"5":{"start":{"line":7,"column":1},"end":{"line":14,"column":2}},"6":{"start":{"line":8,"column":18},"end":{"line":8,"column":63}},"7":{"start":{"line":9,"column":2},"end":{"line":9,"column":21}},"8":{"start":{"line":10,"column":2},"end":{"line":10,"column":9}},"9":{"start":{"line":13,"column":2},"end":{"line":13,"column":40}},"10":{"start":{"line":19,"column":0},"end":{"line":19,"column":22}}},"fnMap":{"0":{"name":"auth","decl":{"start":{"line":4,"column":9},"end":{"line":4,"column":13}},"loc":{"start":{"line":4,"column":27},"end":{"line":17,"column":1}},"line":4}},"branchMap":{"0":{"loc":{"start":{"line":6,"column":1},"end":{"line":6,"column":78}},"type":"if","locations":[{"start":{"line":6,"column":1},"end":{"line":6,"column":78}},{"start":{"line":6,"column":1},"end":{"line":6,"column":78}}],"line":6}},"s":{"0":3,"1":3,"2":5,"3":5,"4":2,"5":3,"6":3,"7":2,"8":2,"9":1,"10":3},"f":{"0":5},"b":{"0":[2,3]},"_coverageSchema":"43e27e138ebf9cfc5966b082cf9a028302ed4184","hash":"bee2dca0f5d81f276339e14acd8e434a087bb62d"}
,"/home/satyendra/Training/Mosh course/vidly/middleware/error.js": {"path":"/home/satyendra/Training/Mosh course/vidly/middleware/error.js","statementMap":{"0":{"start":{"line":1,"column":16},"end":{"line":1,"column":34}},"1":{"start":{"line":3,"column":0},"end":{"line":7,"column":1}},"2":{"start":{"line":5,"column":1},"end":{"line":5,"column":32}},"3":{"start":{"line":6,"column":5},"end":{"line":6,"column":44}}},"fnMap":{"0":{"name":"(anonymous_0)","decl":{"start":{"line":3,"column":17},"end":{"line":3,"column":18}},"loc":{"start":{"line":3,"column":43},"end":{"line":7,"column":1}},"line":3}},"branchMap":{},"s":{"0":2,"1":2,"2":1,"3":1},"f":{"0":1},"b":{},"_coverageSchema":"43e27e138ebf9cfc5966b082cf9a028302ed4184","hash":"f934bd31af6f73b92cc6be40b4b72294d0351aee"}
,"/home/satyendra/Training/Mosh course/vidly/middleware/validateObjectId.js": {"path":"/home/satyendra/Training/Mosh course/vidly/middleware/validateObjectId.js","statementMap":{"0":{"start":{"line":2,"column":17},"end":{"line":2,"column":36}},"1":{"start":{"line":3,"column":0},"end":{"line":10,"column":1}},"2":{"start":{"line":5,"column":2},"end":{"line":8,"column":2}},"3":{"start":{"line":6,"column":2},"end":{"line":6,"column":39}},"4":{"start":{"line":9,"column":1},"end":{"line":9,"column":8}}},"fnMap":{"0":{"name":"(anonymous_0)","decl":{"start":{"line":3,"column":17},"end":{"line":3,"column":18}},"loc":{"start":{"line":3,"column":39},"end":{"line":10,"column":1}},"line":3}},"branchMap":{"0":{"loc":{"start":{"line":5,"column":2},"end":{"line":8,"column":2}},"type":"if","locations":[{"start":{"line":5,"column":2},"end":{"line":8,"column":2}},{"start":{"line":5,"column":2},"end":{"line":8,"column":2}}],"line":5}},"s":{"0":2,"1":2,"2":2,"3":1,"4":2},"f":{"0":2},"b":{"0":[1,1]},"_coverageSchema":"43e27e138ebf9cfc5966b082cf9a028302ed4184","hash":"3bf217e447fdf5393974035f73fdaae1be9eef17"}
,"/home/satyendra/Training/Mosh course/vidly/models/customer.js": {"path":"/home/satyendra/Training/Mosh course/vidly/models/customer.js","statementMap":{"0":{"start":{"line":1,"column":17},"end":{"line":1,"column":36}},"1":{"start":{"line":2,"column":12},"end":{"line":2,"column":26}},"2":{"start":{"line":4,"column":23},"end":{"line":24,"column":2}},"3":{"start":{"line":25,"column":17},"end":{"line":25,"column":58}},"4":{"start":{"line":29,"column":16},"end":{"line":33,"column":2}},"5":{"start":{"line":34,"column":1},"end":{"line":34,"column":38}},"6":{"start":{"line":37,"column":0},"end":{"line":37,"column":28}},"7":{"start":{"line":38,"column":0},"end":{"line":38,"column":36}}},"fnMap":{"0":{"name":"validateCustomer","decl":{"start":{"line":27,"column":9},"end":{"line":27,"column":25}},"loc":{"start":{"line":27,"column":35},"end":{"line":35,"column":1}},"line":27}},"branchMap":{},"s":{"0":2,"1":2,"2":2,"3":2,"4":0,"5":0,"6":2,"7":2},"f":{"0":0},"b":{},"_coverageSchema":"43e27e138ebf9cfc5966b082cf9a028302ed4184","hash":"63c8bac4b500961787a7dadacbd34e0fb453de95"}
,"/home/satyendra/Training/Mosh course/vidly/models/genre.js": {"path":"/home/satyendra/Training/Mosh course/vidly/models/genre.js","statementMap":{"0":{"start":{"line":1,"column":14},"end":{"line":1,"column":32}},"1":{"start":{"line":2,"column":13},"end":{"line":2,"column":29}},"2":{"start":{"line":3,"column":12},"end":{"line":3,"column":26}},"3":{"start":{"line":6,"column":17},"end":{"line":6,"column":36}},"4":{"start":{"line":8,"column":20},"end":{"line":15,"column":2}},"5":{"start":{"line":20,"column":14},"end":{"line":20,"column":49}},"6":{"start":{"line":22,"column":3},"end":{"line":22,"column":48}},"7":{"start":{"line":23,"column":16},"end":{"line":25,"column":2}},"8":{"start":{"line":27,"column":1},"end":{"line":27,"column":34}},"9":{"start":{"line":30,"column":0},"end":{"line":30,"column":22}},"10":{"start":{"line":31,"column":0},"end":{"line":31,"column":33}},"11":{"start":{"line":32,"column":0},"end":{"line":32,"column":34}}},"fnMap":{"0":{"name":"validateGenre","decl":{"start":{"line":21,"column":9},"end":{"line":21,"column":22}},"loc":{"start":{"line":21,"column":29},"end":{"line":28,"column":1}},"line":21}},"branchMap":{},"s":{"0":2,"1":2,"2":2,"3":2,"4":2,"5":2,"6":1,"7":1,"8":1,"9":2,"10":2,"11":2},"f":{"0":1},"b":{},"_coverageSchema":"43e27e138ebf9cfc5966b082cf9a028302ed4184","hash":"a1d928445d7d24297e1c68d87f7298b6acf658d7"}
,"/home/satyendra/Training/Mosh course/vidly/models/movie.js": {"path":"/home/satyendra/Training/Mosh course/vidly/models/movie.js","statementMap":{"0":{"start":{"line":1,"column":17},"end":{"line":1,"column":36}},"1":{"start":{"line":2,"column":12},"end":{"line":2,"column":26}},"2":{"start":{"line":3,"column":23},"end":{"line":3,"column":41}},"3":{"start":{"line":5,"column":20},"end":{"line":29,"column":2}},"4":{"start":{"line":31,"column":14},"end":{"line":31,"column":49}},"5":{"start":{"line":34,"column":16},"end":{"line":39,"column":2}},"6":{"start":{"line":40,"column":1},"end":{"line":40,"column":35}},"7":{"start":{"line":43,"column":0},"end":{"line":43,"column":22}},"8":{"start":{"line":44,"column":0},"end":{"line":44,"column":33}}},"fnMap":{"0":{"name":"validateMovie","decl":{"start":{"line":33,"column":9},"end":{"line":33,"column":22}},"loc":{"start":{"line":33,"column":29},"end":{"line":42,"column":1}},"line":33}},"branchMap":{},"s":{"0":2,"1":2,"2":2,"3":2,"4":2,"5":0,"6":0,"7":2,"8":2},"f":{"0":0},"b":{},"_coverageSchema":"43e27e138ebf9cfc5966b082cf9a028302ed4184","hash":"3ae491ddb6fc99ff024a82e80f80fe17dd6fc327"}
,"/home/satyendra/Training/Mosh course/vidly/models/rental.js": {"path":"/home/satyendra/Training/Mosh course/vidly/models/rental.js","statementMap":{"0":{"start":{"line":1,"column":12},"end":{"line":1,"column":26}},"1":{"start":{"line":2,"column":17},"end":{"line":2,"column":36}},"2":{"start":{"line":5,"column":15},"end":{"line":58,"column":3}},"3":{"start":{"line":62,"column":16},"end":{"line":65,"column":2}},"4":{"start":{"line":67,"column":1},"end":{"line":67,"column":36}},"5":{"start":{"line":71,"column":0},"end":{"line":71,"column":34}},"6":{"start":{"line":72,"column":0},"end":{"line":72,"column":24}}},"fnMap":{"0":{"name":"validateRental","decl":{"start":{"line":60,"column":9},"end":{"line":60,"column":23}},"loc":{"start":{"line":60,"column":31},"end":{"line":69,"column":1}},"line":60}},"branchMap":{},"s":{"0":2,"1":2,"2":2,"3":0,"4":0,"5":2,"6":2},"f":{"0":0},"b":{},"_coverageSchema":"43e27e138ebf9cfc5966b082cf9a028302ed4184","hash":"ed73663ac57a7567fab1f2cd5ffad9fea18be0a5"}
,"/home/satyendra/Training/Mosh course/vidly/models/user.js": {"path":"/home/satyendra/Training/Mosh course/vidly/models/user.js","statementMap":{"0":{"start":{"line":1,"column":17},"end":{"line":1,"column":36}},"1":{"start":{"line":2,"column":12},"end":{"line":2,"column":26}},"2":{"start":{"line":3,"column":15},"end":{"line":3,"column":32}},"3":{"start":{"line":4,"column":12},"end":{"line":4,"column":35}},"4":{"start":{"line":6,"column":19},"end":{"line":27,"column":2}},"5":{"start":{"line":29,"column":0},"end":{"line":34,"column":1}},"6":{"start":{"line":30,"column":15},"end":{"line":30,"column":92}},"7":{"start":{"line":33,"column":1},"end":{"line":33,"column":14}},"8":{"start":{"line":35,"column":13},"end":{"line":35,"column":46}},"9":{"start":{"line":38,"column":18},"end":{"line":42,"column":4}},"10":{"start":{"line":44,"column":3},"end":{"line":44,"column":36}},"11":{"start":{"line":47,"column":0},"end":{"line":47,"column":32}},"12":{"start":{"line":48,"column":0},"end":{"line":48,"column":20}}},"fnMap":{"0":{"name":"(anonymous_0)","decl":{"start":{"line":29,"column":39},"end":{"line":29,"column":40}},"loc":{"start":{"line":29,"column":49},"end":{"line":34,"column":1}},"line":29},"1":{"name":"validateUser","decl":{"start":{"line":37,"column":9},"end":{"line":37,"column":21}},"loc":{"start":{"line":37,"column":27},"end":{"line":45,"column":1}},"line":37}},"branchMap":{},"s":{"0":4,"1":4,"2":4,"3":4,"4":4,"5":4,"6":9,"7":9,"8":4,"9":0,"10":0,"11":4,"12":4},"f":{"0":9,"1":0},"b":{},"_coverageSchema":"43e27e138ebf9cfc5966b082cf9a028302ed4184","hash":"bf777bdb99fe77c92e2f4a78d0f4b922cbd29754"}
,"/home/satyendra/Training/Mosh course/vidly/routes/auth.js": {"path":"/home/satyendra/Training/Mosh course/vidly/routes/auth.js","statementMap":{"0":{"start":{"line":1,"column":16},"end":{"line":1,"column":34}},"1":{"start":{"line":2,"column":15},"end":{"line":2,"column":31}},"2":{"start":{"line":3,"column":10},"end":{"line":3,"column":27}},"3":{"start":{"line":4,"column":17},"end":{"line":4,"column":36}},"4":{"start":{"line":5,"column":15},"end":{"line":5,"column":32}},"5":{"start":{"line":6,"column":15},"end":{"line":6,"column":40}},"6":{"start":{"line":7,"column":12},"end":{"line":7,"column":26}},"7":{"start":{"line":8,"column":12},"end":{"line":8,"column":35}},"8":{"start":{"line":9,"column":15},"end":{"line":9,"column":32}},"9":{"start":{"line":11,"column":0},"end":{"line":34,"column":2}},"10":{"start":{"line":13,"column":19},"end":{"line":13,"column":37}},"11":{"start":{"line":14,"column":3},"end":{"line":14,"column":60}},"12":{"start":{"line":14,"column":13},"end":{"line":14,"column":60}},"13":{"start":{"line":16,"column":14},"end":{"line":16,"column":56}},"14":{"start":{"line":18,"column":3},"end":{"line":20,"column":4}},"15":{"start":{"line":19,"column":6},"end":{"line":19,"column":63}},"16":{"start":{"line":22,"column":25},"end":{"line":22,"column":79}},"17":{"start":{"line":25,"column":3},"end":{"line":25,"column":79}},"18":{"start":{"line":25,"column":22},"end":{"line":25,"column":79}},"19":{"start":{"line":27,"column":17},"end":{"line":27,"column":41}},"20":{"start":{"line":28,"column":3},"end":{"line":28,"column":19}},"21":{"start":{"line":38,"column":18},"end":{"line":42,"column":4}},"22":{"start":{"line":44,"column":3},"end":{"line":44,"column":39}},"23":{"start":{"line":48,"column":0},"end":{"line":48,"column":24}}},"fnMap":{"0":{"name":"(anonymous_0)","decl":{"start":{"line":11,"column":16},"end":{"line":11,"column":17}},"loc":{"start":{"line":11,"column":33},"end":{"line":34,"column":1}},"line":11},"1":{"name":"validate","decl":{"start":{"line":37,"column":9},"end":{"line":37,"column":17}},"loc":{"start":{"line":37,"column":26},"end":{"line":45,"column":1}},"line":37}},"branchMap":{"0":{"loc":{"start":{"line":14,"column":3},"end":{"line":14,"column":60}},"type":"if","locations":[{"start":{"line":14,"column":3},"end":{"line":14,"column":60}},{"start":{"line":14,"column":3},"end":{"line":14,"column":60}}],"line":14},"1":{"loc":{"start":{"line":18,"column":3},"end":{"line":20,"column":4}},"type":"if","locations":[{"start":{"line":18,"column":3},"end":{"line":20,"column":4}},{"start":{"line":18,"column":3},"end":{"line":20,"column":4}}],"line":18},"2":{"loc":{"start":{"line":25,"column":3},"end":{"line":25,"column":79}},"type":"if","locations":[{"start":{"line":25,"column":3},"end":{"line":25,"column":79}},{"start":{"line":25,"column":3},"end":{"line":25,"column":79}}],"line":25}},"s":{"0":2,"1":2,"2":2,"3":2,"4":2,"5":2,"6":2,"7":2,"8":2,"9":2,"10":0,"11":0,"12":0,"13":0,"14":0,"15":0,"16":0,"17":0,"18":0,"19":0,"20":0,"21":0,"22":0,"23":2},"f":{"0":0,"1":0},"b":{"0":[0,0],"1":[0,0],"2":[0,0]},"_coverageSchema":"43e27e138ebf9cfc5966b082cf9a028302ed4184","hash":"3b11e910e1dc42b4ec97795754c68db6f5063ace"}
,"/home/satyendra/Training/Mosh course/vidly/routes/customers.js": {"path":"/home/satyendra/Training/Mosh course/vidly/routes/customers.js","statementMap":{"0":{"start":{"line":1,"column":16},"end":{"line":1,"column":34}},"1":{"start":{"line":2,"column":28},"end":{"line":2,"column":57}},"2":{"start":{"line":3,"column":17},"end":{"line":3,"column":36}},"3":{"start":{"line":4,"column":13},"end":{"line":4,"column":29}},"4":{"start":{"line":7,"column":0},"end":{"line":10,"column":2}},"5":{"start":{"line":8,"column":19},"end":{"line":8,"column":53}},"6":{"start":{"line":9,"column":1},"end":{"line":9,"column":21}},"7":{"start":{"line":12,"column":0},"end":{"line":27,"column":2}},"8":{"start":{"line":13,"column":24},"end":{"line":13,"column":42}},"9":{"start":{"line":14,"column":5},"end":{"line":14,"column":69}},"10":{"start":{"line":14,"column":15},"end":{"line":14,"column":69}},"11":{"start":{"line":15,"column":1},"end":{"line":26,"column":2}},"12":{"start":{"line":22,"column":4},"end":{"line":22,"column":76}},"13":{"start":{"line":22,"column":12},"end":{"line":22,"column":76}},"14":{"start":{"line":23,"column":4},"end":{"line":23,"column":28}},"15":{"start":{"line":29,"column":0},"end":{"line":43,"column":2}},"16":{"start":{"line":31,"column":21},"end":{"line":31,"column":39}},"17":{"start":{"line":33,"column":3},"end":{"line":33,"column":70}},"18":{"start":{"line":33,"column":13},"end":{"line":33,"column":70}},"19":{"start":{"line":34,"column":19},"end":{"line":39,"column":6}},"20":{"start":{"line":41,"column":4},"end":{"line":41,"column":26}},"21":{"start":{"line":42,"column":4},"end":{"line":42,"column":23}},"22":{"start":{"line":45,"column":0},"end":{"line":53,"column":2}},"23":{"start":{"line":46,"column":20},"end":{"line":50,"column":5}},"24":{"start":{"line":48,"column":6},"end":{"line":48,"column":66}},"25":{"start":{"line":48,"column":16},"end":{"line":48,"column":66}},"26":{"start":{"line":49,"column":6},"end":{"line":49,"column":30}},"27":{"start":{"line":55,"column":0},"end":{"line":62,"column":2}},"28":{"start":{"line":56,"column":17},"end":{"line":59,"column":6}},"29":{"start":{"line":57,"column":7},"end":{"line":57,"column":68}},"30":{"start":{"line":57,"column":17},"end":{"line":57,"column":68}},"31":{"start":{"line":58,"column":10},"end":{"line":58,"column":27}},"32":{"start":{"line":70,"column":0},"end":{"line":70,"column":24}}},"fnMap":{"0":{"name":"(anonymous_0)","decl":{"start":{"line":7,"column":15},"end":{"line":7,"column":16}},"loc":{"start":{"line":7,"column":32},"end":{"line":10,"column":1}},"line":7},"1":{"name":"(anonymous_1)","decl":{"start":{"line":12,"column":18},"end":{"line":12,"column":19}},"loc":{"start":{"line":12,"column":35},"end":{"line":27,"column":1}},"line":12},"2":{"name":"(anonymous_2)","decl":{"start":{"line":21,"column":3},"end":{"line":21,"column":4}},"loc":{"start":{"line":21,"column":17},"end":{"line":24,"column":2}},"line":21},"3":{"name":"(anonymous_3)","decl":{"start":{"line":29,"column":16},"end":{"line":29,"column":17}},"loc":{"start":{"line":29,"column":33},"end":{"line":43,"column":1}},"line":29},"4":{"name":"(anonymous_4)","decl":{"start":{"line":45,"column":21},"end":{"line":45,"column":22}},"loc":{"start":{"line":45,"column":38},"end":{"line":53,"column":1}},"line":45},"5":{"name":"(anonymous_5)","decl":{"start":{"line":46,"column":67},"end":{"line":46,"column":68}},"loc":{"start":{"line":46,"column":83},"end":{"line":50,"column":4}},"line":46},"6":{"name":"(anonymous_6)","decl":{"start":{"line":55,"column":18},"end":{"line":55,"column":19}},"loc":{"start":{"line":55,"column":35},"end":{"line":62,"column":1}},"line":55},"7":{"name":"(anonymous_7)","decl":{"start":{"line":56,"column":55},"end":{"line":56,"column":56}},"loc":{"start":{"line":56,"column":71},"end":{"line":59,"column":5}},"line":56}},"branchMap":{"0":{"loc":{"start":{"line":14,"column":5},"end":{"line":14,"column":69}},"type":"if","locations":[{"start":{"line":14,"column":5},"end":{"line":14,"column":69}},{"start":{"line":14,"column":5},"end":{"line":14,"column":69}}],"line":14},"1":{"loc":{"start":{"line":22,"column":4},"end":{"line":22,"column":76}},"type":"if","locations":[{"start":{"line":22,"column":4},"end":{"line":22,"column":76}},{"start":{"line":22,"column":4},"end":{"line":22,"column":76}}],"line":22},"2":{"loc":{"start":{"line":33,"column":3},"end":{"line":33,"column":70}},"type":"if","locations":[{"start":{"line":33,"column":3},"end":{"line":33,"column":70}},{"start":{"line":33,"column":3},"end":{"line":33,"column":70}}],"line":33},"3":{"loc":{"start":{"line":48,"column":6},"end":{"line":48,"column":66}},"type":"if","locations":[{"start":{"line":48,"column":6},"end":{"line":48,"column":66}},{"start":{"line":48,"column":6},"end":{"line":48,"column":66}}],"line":48},"4":{"loc":{"start":{"line":57,"column":7},"end":{"line":57,"column":68}},"type":"if","locations":[{"start":{"line":57,"column":7},"end":{"line":57,"column":68}},{"start":{"line":57,"column":7},"end":{"line":57,"column":68}}],"line":57}},"s":{"0":2,"1":2,"2":2,"3":2,"4":2,"5":0,"6":0,"7":2,"8":0,"9":0,"10":0,"11":0,"12":0,"13":0,"14":0,"15":2,"16":0,"17":0,"18":0,"19":0,"20":0,"21":0,"22":2,"23":0,"24":0,"25":0,"26":0,"27":2,"28":0,"29":0,"30":0,"31":0,"32":2},"f":{"0":0,"1":0,"2":0,"3":0,"4":0,"5":0,"6":0,"7":0},"b":{"0":[0,0],"1":[0,0],"2":[0,0],"3":[0,0],"4":[0,0]},"_coverageSchema":"43e27e138ebf9cfc5966b082cf9a028302ed4184","hash":"d78a4ae6957c5f0e4a6ac3d6241ed78d77f8c352"}
,"/home/satyendra/Training/Mosh course/vidly/routes/genres.js": {"path":"/home/satyendra/Training/Mosh course/vidly/routes/genres.js","statementMap":{"0":{"start":{"line":1,"column":14},"end":{"line":1,"column":32}},"1":{"start":{"line":2,"column":13},"end":{"line":2,"column":29}},"2":{"start":{"line":3,"column":29},"end":{"line":3,"column":55}},"3":{"start":{"line":4,"column":14},"end":{"line":4,"column":44}},"4":{"start":{"line":5,"column":13},"end":{"line":5,"column":42}},"5":{"start":{"line":7,"column":17},"end":{"line":7,"column":36}},"6":{"start":{"line":8,"column":16},"end":{"line":8,"column":34}},"7":{"start":{"line":9,"column":25},"end":{"line":9,"column":66}},"8":{"start":{"line":12,"column":0},"end":{"line":28,"column":2}},"9":{"start":{"line":15,"column":1},"end":{"line":26,"column":2}},"10":{"start":{"line":17,"column":21},"end":{"line":17,"column":52}},"11":{"start":{"line":18,"column":8},"end":{"line":18,"column":25}},"12":{"start":{"line":20,"column":13},"end":{"line":22,"column":3}},"13":{"start":{"line":23,"column":2},"end":{"line":23,"column":28}},"14":{"start":{"line":24,"column":2},"end":{"line":24,"column":35}},"15":{"start":{"line":30,"column":0},"end":{"line":38,"column":2}},"16":{"start":{"line":31,"column":17},"end":{"line":31,"column":35}},"17":{"start":{"line":32,"column":2},"end":{"line":32,"column":66}},"18":{"start":{"line":32,"column":12},"end":{"line":32,"column":66}},"19":{"start":{"line":33,"column":14},"end":{"line":33,"column":46}},"20":{"start":{"line":34,"column":2},"end":{"line":34,"column":21}},"21":{"start":{"line":35,"column":2},"end":{"line":35,"column":18}},"22":{"start":{"line":40,"column":0},"end":{"line":55,"column":2}},"23":{"start":{"line":41,"column":23},"end":{"line":41,"column":41}},"24":{"start":{"line":44,"column":2},"end":{"line":44,"column":66}},"25":{"start":{"line":44,"column":12},"end":{"line":44,"column":66}},"26":{"start":{"line":46,"column":3},"end":{"line":51,"column":6}},"27":{"start":{"line":49,"column":7},"end":{"line":49,"column":71}},"28":{"start":{"line":49,"column":15},"end":{"line":49,"column":71}},"29":{"start":{"line":50,"column":7},"end":{"line":50,"column":31}},"30":{"start":{"line":57,"column":0},"end":{"line":64,"column":2}},"31":{"start":{"line":58,"column":15},"end":{"line":58,"column":59}},"32":{"start":{"line":60,"column":1},"end":{"line":60,"column":82}},"33":{"start":{"line":60,"column":12},"end":{"line":60,"column":82}},"34":{"start":{"line":62,"column":1},"end":{"line":62,"column":17}},"35":{"start":{"line":66,"column":0},"end":{"line":73,"column":2}},"36":{"start":{"line":69,"column":16},"end":{"line":69,"column":51}},"37":{"start":{"line":70,"column":4},"end":{"line":70,"column":74}},"38":{"start":{"line":70,"column":15},"end":{"line":70,"column":74}},"39":{"start":{"line":71,"column":4},"end":{"line":71,"column":20}},"40":{"start":{"line":76,"column":0},"end":{"line":76,"column":24}}},"fnMap":{"0":{"name":"(anonymous_0)","decl":{"start":{"line":12,"column":15},"end":{"line":12,"column":16}},"loc":{"start":{"line":12,"column":32},"end":{"line":28,"column":1}},"line":12},"1":{"name":"(anonymous_1)","decl":{"start":{"line":30,"column":21},"end":{"line":30,"column":22}},"loc":{"start":{"line":30,"column":38},"end":{"line":38,"column":1}},"line":30},"2":{"name":"(anonymous_2)","decl":{"start":{"line":40,"column":18},"end":{"line":40,"column":19}},"loc":{"start":{"line":40,"column":35},"end":{"line":55,"column":1}},"line":40},"3":{"name":"(anonymous_3)","decl":{"start":{"line":48,"column":5},"end":{"line":48,"column":6}},"loc":{"start":{"line":48,"column":19},"end":{"line":51,"column":4}},"line":48},"4":{"name":"(anonymous_4)","decl":{"start":{"line":57,"column":34},"end":{"line":57,"column":35}},"loc":{"start":{"line":57,"column":51},"end":{"line":64,"column":1}},"line":57},"5":{"name":"(anonymous_5)","decl":{"start":{"line":66,"column":36},"end":{"line":66,"column":37}},"loc":{"start":{"line":66,"column":53},"end":{"line":73,"column":1}},"line":66}},"branchMap":{"0":{"loc":{"start":{"line":15,"column":1},"end":{"line":26,"column":2}},"type":"if","locations":[{"start":{"line":15,"column":1},"end":{"line":26,"column":2}},{"start":{"line":15,"column":1},"end":{"line":26,"column":2}}],"line":15},"1":{"loc":{"start":{"line":32,"column":2},"end":{"line":32,"column":66}},"type":"if","locations":[{"start":{"line":32,"column":2},"end":{"line":32,"column":66}},{"start":{"line":32,"column":2},"end":{"line":32,"column":66}}],"line":32},"2":{"loc":{"start":{"line":44,"column":2},"end":{"line":44,"column":66}},"type":"if","locations":[{"start":{"line":44,"column":2},"end":{"line":44,"column":66}},{"start":{"line":44,"column":2},"end":{"line":44,"column":66}}],"line":44},"3":{"loc":{"start":{"line":49,"column":7},"end":{"line":49,"column":71}},"type":"if","locations":[{"start":{"line":49,"column":7},"end":{"line":49,"column":71}},{"start":{"line":49,"column":7},"end":{"line":49,"column":71}}],"line":49},"4":{"loc":{"start":{"line":60,"column":1},"end":{"line":60,"column":82}},"type":"if","locations":[{"start":{"line":60,"column":1},"end":{"line":60,"column":82}},{"start":{"line":60,"column":1},"end":{"line":60,"column":82}}],"line":60},"5":{"loc":{"start":{"line":70,"column":4},"end":{"line":70,"column":74}},"type":"if","locations":[{"start":{"line":70,"column":4},"end":{"line":70,"column":74}},{"start":{"line":70,"column":4},"end":{"line":70,"column":74}}],"line":70}},"s":{"0":2,"1":2,"2":2,"3":2,"4":2,"5":2,"6":2,"7":2,"8":2,"9":1,"10":1,"11":1,"12":0,"13":0,"14":0,"15":2,"16":1,"17":1,"18":1,"19":0,"20":0,"21":0,"22":2,"23":0,"24":0,"25":0,"26":0,"27":0,"28":0,"29":0,"30":2,"31":0,"32":0,"33":0,"34":0,"35":2,"36":2,"37":1,"38":0,"39":1,"40":2},"f":{"0":1,"1":1,"2":0,"3":0,"4":0,"5":2},"b":{"0":[1,0],"1":[1,0],"2":[0,0],"3":[0,0],"4":[0,0],"5":[0,1]},"_coverageSchema":"43e27e138ebf9cfc5966b082cf9a028302ed4184","hash":"d83f87726530c9323a2315a414db54cbee21d16b"}
,"/home/satyendra/Training/Mosh course/vidly/routes/movies.js": {"path":"/home/satyendra/Training/Mosh course/vidly/routes/movies.js","statementMap":{"0":{"start":{"line":1,"column":16},"end":{"line":1,"column":34}},"1":{"start":{"line":2,"column":25},"end":{"line":2,"column":51}},"2":{"start":{"line":3,"column":17},"end":{"line":3,"column":36}},"3":{"start":{"line":4,"column":16},"end":{"line":4,"column":42}},"4":{"start":{"line":5,"column":13},"end":{"line":5,"column":29}},"5":{"start":{"line":7,"column":0},"end":{"line":12,"column":2}},"6":{"start":{"line":9,"column":18},"end":{"line":9,"column":49}},"7":{"start":{"line":10,"column":3},"end":{"line":10,"column":20}},"8":{"start":{"line":14,"column":0},"end":{"line":44,"column":2}},"9":{"start":{"line":16,"column":17},"end":{"line":16,"column":35}},"10":{"start":{"line":18,"column":1},"end":{"line":18,"column":69}},"11":{"start":{"line":18,"column":11},"end":{"line":18,"column":69}},"12":{"start":{"line":20,"column":1},"end":{"line":28,"column":4}},"13":{"start":{"line":21,"column":2},"end":{"line":26,"column":3}},"14":{"start":{"line":21,"column":12},"end":{"line":21,"column":69}},"15":{"start":{"line":25,"column":11},"end":{"line":25,"column":28}},"16":{"start":{"line":31,"column":13},"end":{"line":40,"column":3}},"17":{"start":{"line":42,"column":1},"end":{"line":42,"column":20}},"18":{"start":{"line":43,"column":1},"end":{"line":43,"column":17}},"19":{"start":{"line":48,"column":0},"end":{"line":62,"column":2}},"20":{"start":{"line":50,"column":19},"end":{"line":50,"column":37}},"21":{"start":{"line":51,"column":3},"end":{"line":51,"column":70}},"22":{"start":{"line":51,"column":13},"end":{"line":51,"column":70}},"23":{"start":{"line":52,"column":3},"end":{"line":59,"column":5}},"24":{"start":{"line":57,"column":6},"end":{"line":57,"column":65}},"25":{"start":{"line":57,"column":14},"end":{"line":57,"column":65}},"26":{"start":{"line":58,"column":6},"end":{"line":58,"column":30}},"27":{"start":{"line":64,"column":0},"end":{"line":69,"column":2}},"28":{"start":{"line":65,"column":20},"end":{"line":68,"column":5}},"29":{"start":{"line":66,"column":4},"end":{"line":66,"column":63}},"30":{"start":{"line":66,"column":14},"end":{"line":66,"column":63}},"31":{"start":{"line":67,"column":6},"end":{"line":67,"column":30}},"32":{"start":{"line":71,"column":0},"end":{"line":76,"column":2}},"33":{"start":{"line":72,"column":15},"end":{"line":75,"column":3}},"34":{"start":{"line":73,"column":2},"end":{"line":73,"column":63}},"35":{"start":{"line":73,"column":12},"end":{"line":73,"column":63}},"36":{"start":{"line":74,"column":2},"end":{"line":74,"column":19}},"37":{"start":{"line":78,"column":0},"end":{"line":78,"column":24}}},"fnMap":{"0":{"name":"(anonymous_0)","decl":{"start":{"line":7,"column":15},"end":{"line":7,"column":16}},"loc":{"start":{"line":7,"column":32},"end":{"line":12,"column":1}},"line":7},"1":{"name":"(anonymous_1)","decl":{"start":{"line":14,"column":16},"end":{"line":14,"column":17}},"loc":{"start":{"line":14,"column":33},"end":{"line":44,"column":1}},"line":14},"2":{"name":"(anonymous_2)","decl":{"start":{"line":20,"column":39},"end":{"line":20,"column":40}},"loc":{"start":{"line":20,"column":55},"end":{"line":28,"column":2}},"line":20},"3":{"name":"(anonymous_3)","decl":{"start":{"line":48,"column":18},"end":{"line":48,"column":19}},"loc":{"start":{"line":48,"column":35},"end":{"line":62,"column":1}},"line":48},"4":{"name":"(anonymous_4)","decl":{"start":{"line":56,"column":5},"end":{"line":56,"column":6}},"loc":{"start":{"line":56,"column":19},"end":{"line":59,"column":4}},"line":56},"5":{"name":"(anonymous_5)","decl":{"start":{"line":64,"column":21},"end":{"line":64,"column":22}},"loc":{"start":{"line":64,"column":38},"end":{"line":69,"column":1}},"line":64},"6":{"name":"(anonymous_6)","decl":{"start":{"line":65,"column":64},"end":{"line":65,"column":65}},"loc":{"start":{"line":65,"column":80},"end":{"line":68,"column":4}},"line":65},"7":{"name":"(anonymous_7)","decl":{"start":{"line":71,"column":18},"end":{"line":71,"column":19}},"loc":{"start":{"line":71,"column":35},"end":{"line":76,"column":1}},"line":71},"8":{"name":"(anonymous_8)","decl":{"start":{"line":72,"column":50},"end":{"line":72,"column":51}},"loc":{"start":{"line":72,"column":66},"end":{"line":75,"column":2}},"line":72}},"branchMap":{"0":{"loc":{"start":{"line":18,"column":1},"end":{"line":18,"column":69}},"type":"if","locations":[{"start":{"line":18,"column":1},"end":{"line":18,"column":69}},{"start":{"line":18,"column":1},"end":{"line":18,"column":69}}],"line":18},"1":{"loc":{"start":{"line":21,"column":2},"end":{"line":26,"column":3}},"type":"if","locations":[{"start":{"line":21,"column":2},"end":{"line":26,"column":3}},{"start":{"line":21,"column":2},"end":{"line":26,"column":3}}],"line":21},"2":{"loc":{"start":{"line":51,"column":3},"end":{"line":51,"column":70}},"type":"if","locations":[{"start":{"line":51,"column":3},"end":{"line":51,"column":70}},{"start":{"line":51,"column":3},"end":{"line":51,"column":70}}],"line":51},"3":{"loc":{"start":{"line":57,"column":6},"end":{"line":57,"column":65}},"type":"if","locations":[{"start":{"line":57,"column":6},"end":{"line":57,"column":65}},{"start":{"line":57,"column":6},"end":{"line":57,"column":65}}],"line":57},"4":{"loc":{"start":{"line":66,"column":4},"end":{"line":66,"column":63}},"type":"if","locations":[{"start":{"line":66,"column":4},"end":{"line":66,"column":63}},{"start":{"line":66,"column":4},"end":{"line":66,"column":63}}],"line":66},"5":{"loc":{"start":{"line":73,"column":2},"end":{"line":73,"column":63}},"type":"if","locations":[{"start":{"line":73,"column":2},"end":{"line":73,"column":63}},{"start":{"line":73,"column":2},"end":{"line":73,"column":63}}],"line":73}},"s":{"0":2,"1":2,"2":2,"3":2,"4":2,"5":2,"6":0,"7":0,"8":2,"9":0,"10":0,"11":0,"12":0,"13":0,"14":0,"15":0,"16":0,"17":0,"18":0,"19":2,"20":0,"21":0,"22":0,"23":0,"24":0,"25":0,"26":0,"27":2,"28":0,"29":0,"30":0,"31":0,"32":2,"33":0,"34":0,"35":0,"36":0,"37":2},"f":{"0":0,"1":0,"2":0,"3":0,"4":0,"5":0,"6":0,"7":0,"8":0},"b":{"0":[0,0],"1":[0,0],"2":[0,0],"3":[0,0],"4":[0,0],"5":[0,0]},"_coverageSchema":"43e27e138ebf9cfc5966b082cf9a028302ed4184","hash":"f3a41a6a9b8559e4e98a83da4692e4e6bfcec00f"}
,"/home/satyendra/Training/Mosh course/vidly/routes/rentals.js": {"path":"/home/satyendra/Training/Mosh course/vidly/routes/rentals.js","statementMap":{"0":{"start":{"line":1,"column":16},"end":{"line":1,"column":34}},"1":{"start":{"line":2,"column":15},"end":{"line":2,"column":31}},"2":{"start":{"line":3,"column":26},"end":{"line":3,"column":53}},"3":{"start":{"line":4,"column":19},"end":{"line":4,"column":48}},"4":{"start":{"line":5,"column":16},"end":{"line":5,"column":42}},"5":{"start":{"line":6,"column":13},"end":{"line":6,"column":28}},"6":{"start":{"line":7,"column":17},"end":{"line":7,"column":36}},"7":{"start":{"line":9,"column":0},"end":{"line":9,"column":20}},"8":{"start":{"line":12,"column":0},"end":{"line":16,"column":2}},"9":{"start":{"line":13,"column":19},"end":{"line":13,"column":55}},"10":{"start":{"line":15,"column":4},"end":{"line":15,"column":21}},"11":{"start":{"line":18,"column":0},"end":{"line":52,"column":2}},"12":{"start":{"line":19,"column":19},"end":{"line":19,"column":37}},"13":{"start":{"line":20,"column":3},"end":{"line":20,"column":74}},"14":{"start":{"line":20,"column":14},"end":{"line":20,"column":74}},"15":{"start":{"line":21,"column":3},"end":{"line":24,"column":5}},"16":{"start":{"line":22,"column":7},"end":{"line":22,"column":67}},"17":{"start":{"line":22,"column":17},"end":{"line":22,"column":67}},"18":{"start":{"line":23,"column":7},"end":{"line":23,"column":30}},"19":{"start":{"line":26,"column":3},"end":{"line":30,"column":5}},"20":{"start":{"line":27,"column":7},"end":{"line":27,"column":65}},"21":{"start":{"line":27,"column":17},"end":{"line":27,"column":65}},"22":{"start":{"line":28,"column":7},"end":{"line":28,"column":27}},"23":{"start":{"line":29,"column":3},"end":{"line":29,"column":94}},"24":{"start":{"line":29,"column":37},"end":{"line":29,"column":94}},"25":{"start":{"line":34,"column":16},"end":{"line":45,"column":5}},"26":{"start":{"line":47,"column":3},"end":{"line":47,"column":32}},"27":{"start":{"line":48,"column":3},"end":{"line":48,"column":30}},"28":{"start":{"line":49,"column":3},"end":{"line":49,"column":27}},"29":{"start":{"line":50,"column":3},"end":{"line":50,"column":20}},"30":{"start":{"line":54,"column":0},"end":{"line":54,"column":24}}},"fnMap":{"0":{"name":"(anonymous_0)","decl":{"start":{"line":12,"column":15},"end":{"line":12,"column":16}},"loc":{"start":{"line":12,"column":32},"end":{"line":16,"column":1}},"line":12},"1":{"name":"(anonymous_1)","decl":{"start":{"line":18,"column":16},"end":{"line":18,"column":17}},"loc":{"start":{"line":18,"column":33},"end":{"line":52,"column":1}},"line":18},"2":{"name":"(anonymous_2)","decl":{"start":{"line":21,"column":47},"end":{"line":21,"column":48}},"loc":{"start":{"line":21,"column":63},"end":{"line":24,"column":4}},"line":21},"3":{"name":"(anonymous_3)","decl":{"start":{"line":26,"column":41},"end":{"line":26,"column":42}},"loc":{"start":{"line":26,"column":57},"end":{"line":30,"column":4}},"line":26}},"branchMap":{"0":{"loc":{"start":{"line":20,"column":3},"end":{"line":20,"column":74}},"type":"if","locations":[{"start":{"line":20,"column":3},"end":{"line":20,"column":74}},{"start":{"line":20,"column":3},"end":{"line":20,"column":74}}],"line":20},"1":{"loc":{"start":{"line":22,"column":7},"end":{"line":22,"column":67}},"type":"if","locations":[{"start":{"line":22,"column":7},"end":{"line":22,"column":67}},{"start":{"line":22,"column":7},"end":{"line":22,"column":67}}],"line":22},"2":{"loc":{"start":{"line":27,"column":7},"end":{"line":27,"column":65}},"type":"if","locations":[{"start":{"line":27,"column":7},"end":{"line":27,"column":65}},{"start":{"line":27,"column":7},"end":{"line":27,"column":65}}],"line":27},"3":{"loc":{"start":{"line":29,"column":3},"end":{"line":29,"column":94}},"type":"if","locations":[{"start":{"line":29,"column":3},"end":{"line":29,"column":94}},{"start":{"line":29,"column":3},"end":{"line":29,"column":94}}],"line":29}},"s":{"0":2,"1":2,"2":2,"3":2,"4":2,"5":2,"6":2,"7":2,"8":2,"9":0,"10":0,"11":2,"12":0,"13":0,"14":0,"15":0,"16":0,"17":0,"18":0,"19":0,"20":0,"21":0,"22":0,"23":0,"24":0,"25":0,"26":0,"27":0,"28":0,"29":0,"30":2},"f":{"0":0,"1":0,"2":0,"3":0},"b":{"0":[0,0],"1":[0,0],"2":[0,0],"3":[0,0]},"_coverageSchema":"43e27e138ebf9cfc5966b082cf9a028302ed4184","hash":"f85f6a63f17331cabf12a011410a818298bccfd1"}
,"/home/satyendra/Training/Mosh course/vidly/routes/users.js": {"path":"/home/satyendra/Training/Mosh course/vidly/routes/users.js","statementMap":{"0":{"start":{"line":1,"column":16},"end":{"line":1,"column":34}},"1":{"start":{"line":2,"column":15},"end":{"line":2,"column":31}},"2":{"start":{"line":3,"column":10},"end":{"line":3,"column":27}},"3":{"start":{"line":4,"column":17},"end":{"line":4,"column":36}},"4":{"start":{"line":5,"column":15},"end":{"line":5,"column":32}},"5":{"start":{"line":6,"column":24},"end":{"line":6,"column":49}},"6":{"start":{"line":7,"column":12},"end":{"line":7,"column":35}},"7":{"start":{"line":8,"column":15},"end":{"line":8,"column":32}},"8":{"start":{"line":9,"column":13},"end":{"line":9,"column":42}},"9":{"start":{"line":11,"column":0},"end":{"line":15,"column":2}},"10":{"start":{"line":12,"column":14},"end":{"line":12,"column":67}},"11":{"start":{"line":13,"column":1},"end":{"line":13,"column":16}},"12":{"start":{"line":16,"column":0},"end":{"line":39,"column":2}},"13":{"start":{"line":18,"column":19},"end":{"line":18,"column":37}},"14":{"start":{"line":19,"column":3},"end":{"line":19,"column":60}},"15":{"start":{"line":19,"column":13},"end":{"line":19,"column":60}},"16":{"start":{"line":21,"column":14},"end":{"line":21,"column":56}},"17":{"start":{"line":23,"column":3},"end":{"line":25,"column":4}},"18":{"start":{"line":24,"column":6},"end":{"line":24,"column":67}},"19":{"start":{"line":27,"column":4},"end":{"line":27,"column":66}},"20":{"start":{"line":28,"column":17},"end":{"line":28,"column":41}},"21":{"start":{"line":29,"column":7},"end":{"line":29,"column":61}},"22":{"start":{"line":31,"column":4},"end":{"line":31,"column":22}},"23":{"start":{"line":35,"column":18},"end":{"line":35,"column":42}},"24":{"start":{"line":36,"column":4},"end":{"line":36,"column":79}},"25":{"start":{"line":41,"column":0},"end":{"line":41,"column":24}}},"fnMap":{"0":{"name":"(anonymous_0)","decl":{"start":{"line":11,"column":22},"end":{"line":11,"column":23}},"loc":{"start":{"line":11,"column":39},"end":{"line":15,"column":1}},"line":11},"1":{"name":"(anonymous_1)","decl":{"start":{"line":16,"column":16},"end":{"line":16,"column":17}},"loc":{"start":{"line":16,"column":33},"end":{"line":39,"column":1}},"line":16}},"branchMap":{"0":{"loc":{"start":{"line":19,"column":3},"end":{"line":19,"column":60}},"type":"if","locations":[{"start":{"line":19,"column":3},"end":{"line":19,"column":60}},{"start":{"line":19,"column":3},"end":{"line":19,"column":60}}],"line":19},"1":{"loc":{"start":{"line":23,"column":3},"end":{"line":25,"column":4}},"type":"if","locations":[{"start":{"line":23,"column":3},"end":{"line":25,"column":4}},{"start":{"line":23,"column":3},"end":{"line":25,"column":4}}],"line":23}},"s":{"0":2,"1":2,"2":2,"3":2,"4":2,"5":2,"6":2,"7":2,"8":2,"9":2,"10":0,"11":0,"12":2,"13":0,"14":0,"15":0,"16":0,"17":0,"18":0,"19":0,"20":0,"21":0,"22":0,"23":0,"24":0,"25":2},"f":{"0":0,"1":0},"b":{"0":[0,0],"1":[0,0]},"_coverageSchema":"43e27e138ebf9cfc5966b082cf9a028302ed4184","hash":"5afdfff5b1a5c833bbb187633b891fdeda3e9125"}
,"/home/satyendra/Training/Mosh course/vidly/startup/config.js": {"path":"/home/satyendra/Training/Mosh course/vidly/startup/config.js","statementMap":{"0":{"start":{"line":1,"column":15},"end":{"line":1,"column":32}},"1":{"start":{"line":2,"column":0},"end":{"line":8,"column":1}},"2":{"start":{"line":3,"column":1},"end":{"line":6,"column":1}},"3":{"start":{"line":4,"column":1},"end":{"line":4,"column":64}}},"fnMap":{"0":{"name":"(anonymous_0)","decl":{"start":{"line":2,"column":17},"end":{"line":2,"column":18}},"loc":{"start":{"line":2,"column":27},"end":{"line":8,"column":1}},"line":2}},"branchMap":{"0":{"loc":{"start":{"line":3,"column":1},"end":{"line":6,"column":1}},"type":"if","locations":[{"start":{"line":3,"column":1},"end":{"line":6,"column":1}},{"start":{"line":3,"column":1},"end":{"line":6,"column":1}}],"line":3}},"s":{"0":2,"1":2,"2":2,"3":0},"f":{"0":2},"b":{"0":[0,2]},"_coverageSchema":"43e27e138ebf9cfc5966b082cf9a028302ed4184","hash":"ba6985c3b91e6f57bc07386ac85d01a4fb1ddf47"}
,"/home/satyendra/Training/Mosh course/vidly/startup/db.js": {"path":"/home/satyendra/Training/Mosh course/vidly/startup/db.js","statementMap":{"0":{"start":{"line":2,"column":17},"end":{"line":2,"column":36}},"1":{"start":{"line":3,"column":16},"end":{"line":3,"column":34}},"2":{"start":{"line":4,"column":15},"end":{"line":4,"column":32}},"3":{"start":{"line":5,"column":0},"end":{"line":17,"column":1}},"4":{"start":{"line":7,"column":11},"end":{"line":7,"column":27}},"5":{"start":{"line":8,"column":0},"end":{"line":16,"column":2}},"6":{"start":{"line":15,"column":1},"end":{"line":15,"column":34}}},"fnMap":{"0":{"name":"(anonymous_0)","decl":{"start":{"line":5,"column":18},"end":{"line":5,"column":19}},"loc":{"start":{"line":5,"column":28},"end":{"line":17,"column":1}},"line":5},"1":{"name":"(anonymous_1)","decl":{"start":{"line":14,"column":8},"end":{"line":14,"column":9}},"loc":{"start":{"line":14,"column":12},"end":{"line":16,"column":1}},"line":14}},"branchMap":{},"s":{"0":2,"1":2,"2":2,"3":2,"4":2,"5":2,"6":1},"f":{"0":2,"1":1},"b":{},"_coverageSchema":"43e27e138ebf9cfc5966b082cf9a028302ed4184","hash":"d0dfe49444a5832885655cc9b65ec5a77d5fb6f4"}
,"/home/satyendra/Training/Mosh course/vidly/startup/logging.js": {"path":"/home/satyendra/Training/Mosh course/vidly/startup/logging.js","statementMap":{"0":{"start":{"line":1,"column":0},"end":{"line":1,"column":32}},"1":{"start":{"line":2,"column":16},"end":{"line":2,"column":34}},"2":{"start":{"line":4,"column":0},"end":{"line":17,"column":1}},"3":{"start":{"line":5,"column":0},"end":{"line":9,"column":2}},"4":{"start":{"line":10,"column":0},"end":{"line":10,"column":65}},"5":{"start":{"line":13,"column":0},"end":{"line":16,"column":2}},"6":{"start":{"line":14,"column":3},"end":{"line":14,"column":12}}},"fnMap":{"0":{"name":"(anonymous_0)","decl":{"start":{"line":4,"column":17},"end":{"line":4,"column":18}},"loc":{"start":{"line":4,"column":27},"end":{"line":17,"column":1}},"line":4},"1":{"name":"(anonymous_1)","decl":{"start":{"line":13,"column":33},"end":{"line":13,"column":34}},"loc":{"start":{"line":13,"column":39},"end":{"line":16,"column":1}},"line":13}},"branchMap":{},"s":{"0":2,"1":2,"2":2,"3":2,"4":2,"5":2,"6":0},"f":{"0":2,"1":0},"b":{},"_coverageSchema":"43e27e138ebf9cfc5966b082cf9a028302ed4184","hash":"582b976687b916d997c936414f73be1cbefd9bb9"}
,"/home/satyendra/Training/Mosh course/vidly/startup/routes.js": {"path":"/home/satyendra/Training/Mosh course/vidly/startup/routes.js","statementMap":{"0":{"start":{"line":2,"column":16},"end":{"line":2,"column":34}},"1":{"start":{"line":3,"column":15},"end":{"line":3,"column":42}},"2":{"start":{"line":4,"column":18},"end":{"line":4,"column":48}},"3":{"start":{"line":5,"column":15},"end":{"line":5,"column":42}},"4":{"start":{"line":6,"column":16},"end":{"line":6,"column":44}},"5":{"start":{"line":7,"column":14},"end":{"line":7,"column":40}},"6":{"start":{"line":8,"column":13},"end":{"line":8,"column":38}},"7":{"start":{"line":9,"column":14},"end":{"line":9,"column":44}},"8":{"start":{"line":11,"column":0},"end":{"line":22,"column":1}},"9":{"start":{"line":12,"column":0},"end":{"line":12,"column":24}},"10":{"start":{"line":14,"column":0},"end":{"line":14,"column":30}},"11":{"start":{"line":15,"column":0},"end":{"line":15,"column":36}},"12":{"start":{"line":16,"column":0},"end":{"line":16,"column":30}},"13":{"start":{"line":17,"column":0},"end":{"line":17,"column":32}},"14":{"start":{"line":18,"column":0},"end":{"line":18,"column":28}},"15":{"start":{"line":19,"column":0},"end":{"line":19,"column":26}},"16":{"start":{"line":20,"column":0},"end":{"line":20,"column":15}}},"fnMap":{"0":{"name":"(anonymous_0)","decl":{"start":{"line":11,"column":17},"end":{"line":11,"column":18}},"loc":{"start":{"line":11,"column":30},"end":{"line":22,"column":1}},"line":11}},"branchMap":{},"s":{"0":2,"1":2,"2":2,"3":2,"4":2,"5":2,"6":2,"7":2,"8":2,"9":2,"10":2,"11":2,"12":2,"13":2,"14":2,"15":2,"16":2},"f":{"0":2},"b":{},"_coverageSchema":"43e27e138ebf9cfc5966b082cf9a028302ed4184","hash":"a817a6a876fc458a21ea79d0cf86d436f55cf52b"}
,"/home/satyendra/Training/Mosh course/vidly/startup/validation.js": {"path":"/home/satyendra/Training/Mosh course/vidly/startup/validation.js","statementMap":{"0":{"start":{"line":1,"column":12},"end":{"line":1,"column":26}},"1":{"start":{"line":3,"column":0},"end":{"line":6,"column":1}}},"fnMap":{"0":{"name":"(anonymous_0)","decl":{"start":{"line":3,"column":17},"end":{"line":3,"column":18}},"loc":{"start":{"line":3,"column":27},"end":{"line":6,"column":1}},"line":3}},"branchMap":{},"s":{"0":2,"1":2},"f":{"0":2},"b":{},"_coverageSchema":"43e27e138ebf9cfc5966b082cf9a028302ed4184","hash":"e47b500909dab4a9d44b5db92792ba8b41f607f8"}
}
